# JRE version: Java(TM) SE Runtime Environment (8.0-b109) (build 1.8.0-ea-b109)
# Java VM: Java HotSpot(TM) Client VM (25.0-b51 mixed mode, sharing windows-x86 )
Heap:
 def new generation   total 13120K, used 8187K [0x04800000, 0x05630000, 0x09d50000)
  eden space 11712K,  59% used [0x04800000, 0x04eca2a0, 0x05370000)
  from space 1408K,  87% used [0x05370000, 0x054a4a48, 0x054d0000)
  to   space 1408K,   0% used [0x054d0000, 0x054d0000, 0x05630000)
 tenured generation   total 28964K, used 20744K [0x09d50000, 0x0b999000, 0x14800000)
   the space 28964K,  71% used [0x09d50000, 0x0b192108, 0x0b192200, 0x0b999000)
 Metaspace total 31071K, used 30478K, reserved 35200K
  data space     31071K, used 30478K, reserved 35200K
GC Heap History (10 events):
Event: 4.902 GC heap before
{Heap before GC invocations=96 (full 3):
 def new generation   total 13120K, used 12906K [0x04800000, 0x05630000, 0x09d50000)
  eden space 11712K, 100% used [0x04800000, 0x05370000, 0x05370000)
  from space 1408K,  84% used [0x054d0000, 0x055fabd0, 0x05630000)
  to   space 1408K,   0% used [0x05370000, 0x05370000, 0x054d0000)
 tenured generation   total 28964K, used 18510K [0x09d50000, 0x0b999000, 0x14800000)
   the space 28964K,  63% used [0x09d50000, 0x0af63a60, 0x0af63c00, 0x0b999000)
 Metaspace total 27332K, used 26812K, reserved 31104K
  data space     27332K, used 26812K, reserved 31104K
Event: 4.907 GC heap after
Heap after GC invocations=97 (full 3):
 def new generation   total 13120K, used 1407K [0x04800000, 0x05630000, 0x09d50000)
  eden space 11712K,   0% used [0x04800000, 0x04800000, 0x05370000)
  from space 1408K,  99% used [0x05370000, 0x054cfff8, 0x054d0000)
  to   space 1408K,   0% used [0x054d0000, 0x054d0000, 0x05630000)
 tenured generation   total 28964K, used 19073K [0x09d50000, 0x0b999000, 0x14800000)
   the space 28964K,  65% used [0x09d50000, 0x0aff04c8, 0x0aff0600, 0x0b999000)
 Metaspace total 27332K, used 26812K, reserved 31104K
  data space     27332K, used 26812K, reserved 31104K
}
Event: 5.058 GC heap before
{Heap before GC invocations=97 (full 3):
 def new generation   total 13120K, used 13119K [0x04800000, 0x05630000, 0x09d50000)
  eden space 11712K, 100% used [0x04800000, 0x05370000, 0x05370000)
  from space 1408K,  99% used [0x05370000, 0x054cfff8, 0x054d0000)
  to   space 1408K,   0% used [0x054d0000, 0x054d0000, 0x05630000)
 tenured generation   total 28964K, used 19073K [0x09d50000, 0x0b999000, 0x14800000)
   the space 28964K,  65% used [0x09d50000, 0x0aff04c8, 0x0aff0600, 0x0b999000)
 Metaspace total 28209K, used 27684K, reserved 32128K
  data space     28209K, used 27684K, reserved 32128K
Event: 5.061 GC heap after
Heap after GC invocations=98 (full 3):
 def new generation   total 13120K, used 1407K [0x04800000, 0x05630000, 0x09d50000)
  eden space 11712K,   0% used [0x04800000, 0x04800000, 0x05370000)
  from space 1408K,  99% used [0x054d0000, 0x0562fff8, 0x05630000)
  to   space 1408K,   0% used [0x05370000, 0x05370000, 0x054d0000)
 tenured generation   total 28964K, used 19302K [0x09d50000, 0x0b999000, 0x14800000)
   the space 28964K,  66% used [0x09d50000, 0x0b029970, 0x0b029a00, 0x0b999000)
 Metaspace total 28209K, used 27684K, reserved 32128K
  data space     28209K, used 27684K, reserved 32128K
}
Event: 5.210 GC heap before
{Heap before GC invocations=98 (full 3):
 def new generation   total 13120K, used 13119K [0x04800000, 0x05630000, 0x09d50000)
  eden space 11712K, 100% used [0x04800000, 0x05370000, 0x05370000)
  from space 1408K,  99% used [0x054d0000, 0x0562fff8, 0x05630000)
  to   space 1408K,   0% used [0x05370000, 0x05370000, 0x054d0000)
 tenured generation   total 28964K, used 19302K [0x09d50000, 0x0b999000, 0x14800000)
   the space 28964K,  66% used [0x09d50000, 0x0b029970, 0x0b029a00, 0x0b999000)
 Metaspace total 28536K, used 28019K, reserved 32128K
  data space     28536K, used 28019K, reserved 32128K
Event: 5.217 GC heap after
Heap after GC invocations=99 (full 3):
 def new generation   total 13120K, used 965K [0x04800000, 0x05630000, 0x09d50000)
  eden space 11712K,   0% used [0x04800000, 0x04800000, 0x05370000)
  from space 1408K,  68% used [0x05370000, 0x05461770, 0x054d0000)
  to   space 1408K,   0% used [0x054d0000, 0x054d0000, 0x05630000)
 tenured generation   total 28964K, used 19597K [0x09d50000, 0x0b999000, 0x14800000)
   the space 28964K,  67% used [0x09d50000, 0x0b0735f8, 0x0b073600, 0x0b999000)
 Metaspace total 28536K, used 28019K, reserved 32128K
  data space     28536K, used 28019K, reserved 32128K
}
Event: 5.542 GC heap before
{Heap before GC invocations=99 (full 3):
 def new generation   total 13120K, used 12677K [0x04800000, 0x05630000, 0x09d50000)
  eden space 11712K, 100% used [0x04800000, 0x05370000, 0x05370000)
  from space 1408K,  68% used [0x05370000, 0x05461770, 0x054d0000)
  to   space 1408K,   0% used [0x054d0000, 0x054d0000, 0x05630000)
 tenured generation   total 28964K, used 19597K [0x09d50000, 0x0b999000, 0x14800000)
   the space 28964K,  67% used [0x09d50000, 0x0b0735f8, 0x0b073600, 0x0b999000)
 Metaspace total 29623K, used 29068K, reserved 33152K
  data space     29623K, used 29068K, reserved 33152K
Event: 5.549 GC heap after
Heap after GC invocations=100 (full 3):
 def new generation   total 13120K, used 1408K [0x04800000, 0x05630000, 0x09d50000)
  eden space 11712K,   0% used [0x04800000, 0x04800000, 0x05370000)
  from space 1408K, 100% used [0x054d0000, 0x05630000, 0x05630000)
  to   space 1408K,   0% used [0x05370000, 0x05370000, 0x054d0000)
 tenured generation   total 28964K, used 20206K [0x09d50000, 0x0b999000, 0x14800000)
   the space 28964K,  69% used [0x09d50000, 0x0b10bad8, 0x0b10bc00, 0x0b999000)
 Metaspace total 29623K, used 29068K, reserved 33152K
  data space     29623K, used 29068K, reserved 33152K
}
Event: 5.696 GC heap before
{Heap before GC invocations=100 (full 3):
 def new generation   total 13120K, used 13120K [0x04800000, 0x05630000, 0x09d50000)
  eden space 11712K, 100% used [0x04800000, 0x05370000, 0x05370000)
  from space 1408K, 100% used [0x054d0000, 0x05630000, 0x05630000)
  to   space 1408K,   0% used [0x05370000, 0x05370000, 0x054d0000)
 tenured generation   total 28964K, used 20206K [0x09d50000, 0x0b999000, 0x14800000)
   the space 28964K,  69% used [0x09d50000, 0x0b10bad8, 0x0b10bc00, 0x0b999000)
 Metaspace total 30514K, used 29919K, reserved 34176K
  data space     30514K, used 29919K, reserved 34176K
Event: 5.701 GC heap after
Heap after GC invocations=101 (full 3):
 def new generation   total 13120K, used 1234K [0x04800000, 0x05630000, 0x09d50000)
  eden space 11712K,   0% used [0x04800000, 0x04800000, 0x05370000)
  from space 1408K,  87% used [0x05370000, 0x054a4a48, 0x054d0000)
  to   space 1408K,   0% used [0x054d0000, 0x054d0000, 0x05630000)
 tenured generation   total 28964K, used 20744K [0x09d50000, 0x0b999000, 0x14800000)
   the space 28964K,  71% used [0x09d50000, 0x0b192108, 0x0b192200, 0x0b999000)
 Metaspace total 30514K, used 29919K, reserved 34176K
  data space     30514K, used 29919K, reserved 34176K
}

