# JRE version: Java(TM) SE Runtime Environment (8.0-b109) (build 1.8.0-ea-b109)
# Java VM: Java HotSpot(TM) Client VM (25.0-b51 mixed mode, sharing windows-x86 )
Heap:
 def new generation   total 12416K, used 4027K [0x04a00000, 0x05770000, 0x09f50000)
  eden space 11072K,  24% used [0x04a00000, 0x04c9ef60, 0x054d0000)
  from space 1344K,  99% used [0x05620000, 0x0576fff8, 0x05770000)
  to   space 1344K,   0% used [0x054d0000, 0x054d0000, 0x05620000)
 tenured generation   total 27476K, used 19912K [0x09f50000, 0x0ba25000, 0x14a00000)
   the space 27476K,  72% used [0x09f50000, 0x0b2c23f0, 0x0b2c2400, 0x0ba25000)
 Metaspace total 31071K, used 30478K, reserved 35200K
  data space     31071K, used 30478K, reserved 35200K
GC Heap History (10 events):
Event: 5.259 GC heap before
{Heap before GC invocations=97 (full 3):
 def new generation   total 12416K, used 12416K [0x04a00000, 0x05770000, 0x09f50000)
  eden space 11072K, 100% used [0x04a00000, 0x054d0000, 0x054d0000)
  from space 1344K, 100% used [0x054d0000, 0x05620000, 0x05620000)
  to   space 1344K,   0% used [0x05620000, 0x05620000, 0x05770000)
 tenured generation   total 27476K, used 17997K [0x09f50000, 0x0ba25000, 0x14a00000)
   the space 27476K,  65% used [0x09f50000, 0x0b0e3680, 0x0b0e3800, 0x0ba25000)
 Metaspace total 27825K, used 27293K, reserved 31104K
  data space     27825K, used 27293K, reserved 31104K
Event: 5.263 GC heap after
Heap after GC invocations=98 (full 3):
 def new generation   total 12416K, used 1344K [0x04a00000, 0x05770000, 0x09f50000)
  eden space 11072K,   0% used [0x04a00000, 0x04a00000, 0x054d0000)
  from space 1344K, 100% used [0x05620000, 0x05770000, 0x05770000)
  to   space 1344K,   0% used [0x054d0000, 0x054d0000, 0x05620000)
 tenured generation   total 27476K, used 18261K [0x09f50000, 0x0ba25000, 0x14a00000)
   the space 27476K,  66% used [0x09f50000, 0x0b1254d0, 0x0b125600, 0x0ba25000)
 Metaspace total 27825K, used 27293K, reserved 31104K
  data space     27825K, used 27293K, reserved 31104K
}
Event: 5.374 GC heap before
{Heap before GC invocations=98 (full 3):
 def new generation   total 12416K, used 12416K [0x04a00000, 0x05770000, 0x09f50000)
  eden space 11072K, 100% used [0x04a00000, 0x054d0000, 0x054d0000)
  from space 1344K, 100% used [0x05620000, 0x05770000, 0x05770000)
  to   space 1344K,   0% used [0x054d0000, 0x054d0000, 0x05620000)
 tenured generation   total 27476K, used 18261K [0x09f50000, 0x0ba25000, 0x14a00000)
   the space 27476K,  66% used [0x09f50000, 0x0b1254d0, 0x0b125600, 0x0ba25000)
 Metaspace total 28467K, used 27958K, reserved 32128K
  data space     28467K, used 27958K, reserved 32128K
Event: 5.379 GC heap after
Heap after GC invocations=99 (full 3):
 def new generation   total 12416K, used 1265K [0x04a00000, 0x05770000, 0x09f50000)
  eden space 11072K,   0% used [0x04a00000, 0x04a00000, 0x054d0000)
  from space 1344K,  94% used [0x054d0000, 0x0560c450, 0x05620000)
  to   space 1344K,   0% used [0x05620000, 0x05620000, 0x05770000)
 tenured generation   total 27476K, used 18490K [0x09f50000, 0x0ba25000, 0x14a00000)
   the space 27476K,  67% used [0x09f50000, 0x0b15e918, 0x0b15ea00, 0x0ba25000)
 Metaspace total 28467K, used 27958K, reserved 32128K
  data space     28467K, used 27958K, reserved 32128K
}
Event: 5.491 GC heap before
{Heap before GC invocations=99 (full 3):
 def new generation   total 12416K, used 12337K [0x04a00000, 0x05770000, 0x09f50000)
  eden space 11072K, 100% used [0x04a00000, 0x054d0000, 0x054d0000)
  from space 1344K,  94% used [0x054d0000, 0x0560c450, 0x05620000)
  to   space 1344K,   0% used [0x05620000, 0x05620000, 0x05770000)
 tenured generation   total 27476K, used 18490K [0x09f50000, 0x0ba25000, 0x14a00000)
   the space 27476K,  67% used [0x09f50000, 0x0b15e918, 0x0b15ea00, 0x0ba25000)
 Metaspace total 29115K, used 28581K, reserved 33152K
  data space     29115K, used 28581K, reserved 33152K
Event: 5.496 GC heap after
Heap after GC invocations=100 (full 3):
 def new generation   total 12416K, used 1083K [0x04a00000, 0x05770000, 0x09f50000)
  eden space 11072K,   0% used [0x04a00000, 0x04a00000, 0x054d0000)
  from space 1344K,  80% used [0x05620000, 0x0572ec08, 0x05770000)
  to   space 1344K,   0% used [0x054d0000, 0x054d0000, 0x05620000)
 tenured generation   total 27476K, used 18796K [0x09f50000, 0x0ba25000, 0x14a00000)
   the space 27476K,  68% used [0x09f50000, 0x0b1ab2e0, 0x0b1ab400, 0x0ba25000)
 Metaspace total 29115K, used 28581K, reserved 33152K
  data space     29115K, used 28581K, reserved 33152K
}
Event: 5.641 GC heap before
{Heap before GC invocations=100 (full 3):
 def new generation   total 12416K, used 12155K [0x04a00000, 0x05770000, 0x09f50000)
  eden space 11072K, 100% used [0x04a00000, 0x054d0000, 0x054d0000)
  from space 1344K,  80% used [0x05620000, 0x0572ec08, 0x05770000)
  to   space 1344K,   0% used [0x054d0000, 0x054d0000, 0x05620000)
 tenured generation   total 27476K, used 18796K [0x09f50000, 0x0ba25000, 0x14a00000)
   the space 27476K,  68% used [0x09f50000, 0x0b1ab2e0, 0x0b1ab400, 0x0ba25000)
 Metaspace total 29803K, used 29229K, reserved 33152K
  data space     29803K, used 29229K, reserved 33152K
Event: 5.647 GC heap after
Heap after GC invocations=101 (full 3):
 def new generation   total 12416K, used 1041K [0x04a00000, 0x05770000, 0x09f50000)
  eden space 11072K,   0% used [0x04a00000, 0x04a00000, 0x054d0000)
  from space 1344K,  77% used [0x054d0000, 0x055d44d8, 0x05620000)
  to   space 1344K,   0% used [0x05620000, 0x05620000, 0x05770000)
 tenured generation   total 27476K, used 19288K [0x09f50000, 0x0ba25000, 0x14a00000)
   the space 27476K,  70% used [0x09f50000, 0x0b2263e8, 0x0b226400, 0x0ba25000)
 Metaspace total 29803K, used 29229K, reserved 33152K
  data space     29803K, used 29229K, reserved 33152K
}
Event: 5.798 GC heap before
{Heap before GC invocations=101 (full 3):
 def new generation   total 12416K, used 12113K [0x04a00000, 0x05770000, 0x09f50000)
  eden space 11072K, 100% used [0x04a00000, 0x054d0000, 0x054d0000)
  from space 1344K,  77% used [0x054d0000, 0x055d44d8, 0x05620000)
  to   space 1344K,   0% used [0x05620000, 0x05620000, 0x05770000)
 tenured generation   total 27476K, used 19288K [0x09f50000, 0x0ba25000, 0x14a00000)
   the space 27476K,  70% used [0x09f50000, 0x0b2263e8, 0x0b226400, 0x0ba25000)
 Metaspace total 30962K, used 30379K, reserved 35200K
  data space     30962K, used 30379K, reserved 35200K
Event: 5.805 GC heap after
Heap after GC invocations=102 (full 3):
 def new generation   total 12416K, used 1343K [0x04a00000, 0x05770000, 0x09f50000)
  eden space 11072K,   0% used [0x04a00000, 0x04a00000, 0x054d0000)
  from space 1344K,  99% used [0x05620000, 0x0576fff8, 0x05770000)
  to   space 1344K,   0% used [0x054d0000, 0x054d0000, 0x05620000)
 tenured generation   total 27476K, used 19912K [0x09f50000, 0x0ba25000, 0x14a00000)
   the space 27476K,  72% used [0x09f50000, 0x0b2c23f0, 0x0b2c2400, 0x0ba25000)
 Metaspace total 30962K, used 30379K, reserved 35200K
  data space     30962K, used 30379K, reserved 35200K
}

