# JRE version: Java(TM) SE Runtime Environment (8.0-b109) (build 1.8.0-ea-b109)
# Java VM: Java HotSpot(TM) Client VM (25.0-b51 mixed mode windows-x86 )
Heap:
 def new generation   total 10752K, used 8185K [0x04e00000, 0x059a0000, 0x1a350000)
  eden space 9600K,  76% used [0x04e00000, 0x05525400, 0x05760000)
  from space 1152K,  75% used [0x05760000, 0x05839110, 0x05880000)
  to   space 1152K,   0% used [0x05880000, 0x05880000, 0x059a0000)
 tenured generation   total 23716K, used 20957K [0x1a350000, 0x1ba79000, 0x44e00000)
   the space 23716K,  88% used [0x1a350000, 0x1b7c7558, 0x1b7c7600, 0x1ba79000)
 Metaspace total 34208K, used 33629K, reserved 38272K
  data space     34208K, used 33629K, reserved 38272K
GC Heap History (10 events):
Event: 4.693 GC heap before
{Heap before GC invocations=96 (full 3):
 def new generation   total 10752K, used 10751K [0x04e00000, 0x059a0000, 0x1a350000)
  eden space 9600K, 100% used [0x04e00000, 0x05760000, 0x05760000)
  from space 1152K,  99% used [0x05880000, 0x0599fff8, 0x059a0000)
  to   space 1152K,   0% used [0x05760000, 0x05760000, 0x05880000)
 tenured generation   total 23716K, used 19345K [0x1a350000, 0x1ba79000, 0x44e00000)
   the space 23716K,  81% used [0x1a350000, 0x1b634438, 0x1b634600, 0x1ba79000)
 Metaspace total 31026K, used 30507K, reserved 35200K
  data space     31026K, used 30507K, reserved 35200K
Event: 4.697 GC heap after
Heap after GC invocations=97 (full 3):
 def new generation   total 10752K, used 1151K [0x04e00000, 0x059a0000, 0x1a350000)
  eden space 9600K,   0% used [0x04e00000, 0x04e00000, 0x05760000)
  from space 1152K,  99% used [0x05760000, 0x0587ff70, 0x05880000)
  to   space 1152K,   0% used [0x05880000, 0x05880000, 0x059a0000)
 tenured generation   total 23716K, used 19514K [0x1a350000, 0x1ba79000, 0x44e00000)
   the space 23716K,  82% used [0x1a350000, 0x1b65eb78, 0x1b65ec00, 0x1ba79000)
 Metaspace total 31026K, used 30507K, reserved 35200K
  data space     31026K, used 30507K, reserved 35200K
}
Event: 4.788 GC heap before
{Heap before GC invocations=97 (full 3):
 def new generation   total 10752K, used 10751K [0x04e00000, 0x059a0000, 0x1a350000)
  eden space 9600K, 100% used [0x04e00000, 0x05760000, 0x05760000)
  from space 1152K,  99% used [0x05760000, 0x0587ff70, 0x05880000)
  to   space 1152K,   0% used [0x05880000, 0x05880000, 0x059a0000)
 tenured generation   total 23716K, used 19514K [0x1a350000, 0x1ba79000, 0x44e00000)
   the space 23716K,  82% used [0x1a350000, 0x1b65eb78, 0x1b65ec00, 0x1ba79000)
 Metaspace total 31605K, used 31083K, reserved 35200K
  data space     31605K, used 31083K, reserved 35200K
Event: 4.792 GC heap after
Heap after GC invocations=98 (full 3):
 def new generation   total 10752K, used 1135K [0x04e00000, 0x059a0000, 0x1a350000)
  eden space 9600K,   0% used [0x04e00000, 0x04e00000, 0x05760000)
  from space 1152K,  98% used [0x05880000, 0x0599bc98, 0x059a0000)
  to   space 1152K,   0% used [0x05760000, 0x05760000, 0x05880000)
 tenured generation   total 23716K, used 19735K [0x1a350000, 0x1ba79000, 0x44e00000)
   the space 23716K,  83% used [0x1a350000, 0x1b695f60, 0x1b696000, 0x1ba79000)
 Metaspace total 31605K, used 31083K, reserved 35200K
  data space     31605K, used 31083K, reserved 35200K
}
Event: 4.873 GC heap before
{Heap before GC invocations=98 (full 3):
 def new generation   total 10752K, used 10735K [0x04e00000, 0x059a0000, 0x1a350000)
  eden space 9600K, 100% used [0x04e00000, 0x05760000, 0x05760000)
  from space 1152K,  98% used [0x05880000, 0x0599bc98, 0x059a0000)
  to   space 1152K,   0% used [0x05760000, 0x05760000, 0x05880000)
 tenured generation   total 23716K, used 19735K [0x1a350000, 0x1ba79000, 0x44e00000)
   the space 23716K,  83% used [0x1a350000, 0x1b695f60, 0x1b696000, 0x1ba79000)
 Metaspace total 32058K, used 31526K, reserved 36224K
  data space     32058K, used 31526K, reserved 36224K
Event: 4.878 GC heap after
Heap after GC invocations=99 (full 3):
 def new generation   total 10752K, used 915K [0x04e00000, 0x059a0000, 0x1a350000)
  eden space 9600K,   0% used [0x04e00000, 0x04e00000, 0x05760000)
  from space 1152K,  79% used [0x05760000, 0x05844e80, 0x05880000)
  to   space 1152K,   0% used [0x05880000, 0x05880000, 0x059a0000)
 tenured generation   total 23716K, used 20021K [0x1a350000, 0x1ba79000, 0x44e00000)
   the space 23716K,  84% used [0x1a350000, 0x1b6dd678, 0x1b6dd800, 0x1ba79000)
 Metaspace total 32058K, used 31526K, reserved 36224K
  data space     32058K, used 31526K, reserved 36224K
}
Event: 4.989 GC heap before
{Heap before GC invocations=99 (full 3):
 def new generation   total 10752K, used 10515K [0x04e00000, 0x059a0000, 0x1a350000)
  eden space 9600K, 100% used [0x04e00000, 0x05760000, 0x05760000)
  from space 1152K,  79% used [0x05760000, 0x05844e80, 0x05880000)
  to   space 1152K,   0% used [0x05880000, 0x05880000, 0x059a0000)
 tenured generation   total 23716K, used 20021K [0x1a350000, 0x1ba79000, 0x44e00000)
   the space 23716K,  84% used [0x1a350000, 0x1b6dd678, 0x1b6dd800, 0x1ba79000)
 Metaspace total 32869K, used 32302K, reserved 37248K
  data space     32869K, used 32302K, reserved 37248K
Event: 4.994 GC heap after
Heap after GC invocations=100 (full 3):
 def new generation   total 10752K, used 1139K [0x04e00000, 0x059a0000, 0x1a350000)
  eden space 9600K,   0% used [0x04e00000, 0x04e00000, 0x05760000)
  from space 1152K,  98% used [0x05880000, 0x0599cea0, 0x059a0000)
  to   space 1152K,   0% used [0x05760000, 0x05760000, 0x05880000)
 tenured generation   total 23716K, used 20526K [0x1a350000, 0x1ba79000, 0x44e00000)
   the space 23716K,  86% used [0x1a350000, 0x1b75b868, 0x1b75ba00, 0x1ba79000)
 Metaspace total 32869K, used 32302K, reserved 37248K
  data space     32869K, used 32302K, reserved 37248K
}
Event: 5.102 GC heap before
{Heap before GC invocations=100 (full 3):
 def new generation   total 10752K, used 10739K [0x04e00000, 0x059a0000, 0x1a350000)
  eden space 9600K, 100% used [0x04e00000, 0x05760000, 0x05760000)
  from space 1152K,  98% used [0x05880000, 0x0599cea0, 0x059a0000)
  to   space 1152K,   0% used [0x05760000, 0x05760000, 0x05880000)
 tenured generation   total 23716K, used 20526K [0x1a350000, 0x1ba79000, 0x44e00000)
   the space 23716K,  86% used [0x1a350000, 0x1b75b868, 0x1b75ba00, 0x1ba79000)
 Metaspace total 33583K, used 33012K, reserved 38272K
  data space     33583K, used 33012K, reserved 38272K
Event: 5.106 GC heap after
Heap after GC invocations=101 (full 3):
 def new generation   total 10752K, used 868K [0x04e00000, 0x059a0000, 0x1a350000)
  eden space 9600K,   0% used [0x04e00000, 0x04e00000, 0x05760000)
  from space 1152K,  75% used [0x05760000, 0x05839110, 0x05880000)
  to   space 1152K,   0% used [0x05880000, 0x05880000, 0x059a0000)
 tenured generation   total 23716K, used 20957K [0x1a350000, 0x1ba79000, 0x44e00000)
   the space 23716K,  88% used [0x1a350000, 0x1b7c7558, 0x1b7c7600, 0x1ba79000)
 Metaspace total 33583K, used 33012K, reserved 38272K
  data space     33583K, used 33012K, reserved 38272K
}

