# JRE version: Java(TM) SE Runtime Environment (8.0-b109) (build 1.8.0-ea-b109)
# Java VM: Java HotSpot(TM) Client VM (25.0-b51 mixed mode, sharing windows-x86 )
Heap:
 def new generation   total 12672K, used 12186K [0x04c00000, 0x059c0000, 0x0a150000)
  eden space 11264K, 100% used [0x04c00000, 0x05700000, 0x05700000)
  from space 1408K,  65% used [0x05860000, 0x05946be8, 0x059c0000)
  to   space 1408K,   0% used [0x05700000, 0x05700000, 0x05860000)
 tenured generation   total 28108K, used 19238K [0x0a150000, 0x0bcc3000, 0x14c00000)
   the space 28108K,  68% used [0x0a150000, 0x0b4198f0, 0x0b419a00, 0x0bcc3000)
 Metaspace total 31075K, used 30483K, reserved 35200K
  data space     31075K, used 30483K, reserved 35200K
GC Heap History (10 events):
Event: 4.457 GC heap before
{Heap before GC invocations=96 (full 3):
 def new generation   total 12672K, used 12417K [0x04c00000, 0x059c0000, 0x0a150000)
  eden space 11264K, 100% used [0x04c00000, 0x05700000, 0x05700000)
  from space 1408K,  81% used [0x05700000, 0x05820428, 0x05860000)
  to   space 1408K,   0% used [0x05860000, 0x05860000, 0x059c0000)
 tenured generation   total 28108K, used 17433K [0x0a150000, 0x0bcc3000, 0x14c00000)
   the space 28108K,  62% used [0x0a150000, 0x0b256780, 0x0b256800, 0x0bcc3000)
 Metaspace total 27048K, used 26531K, reserved 30080K
  data space     27048K, used 26531K, reserved 30080K
Event: 4.461 GC heap after
Heap after GC invocations=97 (full 3):
 def new generation   total 12672K, used 1408K [0x04c00000, 0x059c0000, 0x0a150000)
  eden space 11264K,   0% used [0x04c00000, 0x04c00000, 0x05700000)
  from space 1408K, 100% used [0x05860000, 0x059c0000, 0x059c0000)
  to   space 1408K,   0% used [0x05700000, 0x05700000, 0x05860000)
 tenured generation   total 28108K, used 17845K [0x0a150000, 0x0bcc3000, 0x14c00000)
   the space 28108K,  63% used [0x0a150000, 0x0b2bd608, 0x0b2bd800, 0x0bcc3000)
 Metaspace total 27048K, used 26531K, reserved 30080K
  data space     27048K, used 26531K, reserved 30080K
}
Event: 4.601 GC heap before
{Heap before GC invocations=97 (full 3):
 def new generation   total 12672K, used 12672K [0x04c00000, 0x059c0000, 0x0a150000)
  eden space 11264K, 100% used [0x04c00000, 0x05700000, 0x05700000)
  from space 1408K, 100% used [0x05860000, 0x059c0000, 0x059c0000)
  to   space 1408K,   0% used [0x05700000, 0x05700000, 0x05860000)
 tenured generation   total 28108K, used 17845K [0x0a150000, 0x0bcc3000, 0x14c00000)
   the space 28108K,  63% used [0x0a150000, 0x0b2bd608, 0x0b2bd800, 0x0bcc3000)
 Metaspace total 27957K, used 27438K, reserved 31104K
  data space     27957K, used 27438K, reserved 31104K
Event: 4.604 GC heap after
Heap after GC invocations=98 (full 3):
 def new generation   total 12672K, used 1407K [0x04c00000, 0x059c0000, 0x0a150000)
  eden space 11264K,   0% used [0x04c00000, 0x04c00000, 0x05700000)
  from space 1408K,  99% used [0x05700000, 0x0585fff8, 0x05860000)
  to   space 1408K,   0% used [0x05860000, 0x05860000, 0x059c0000)
 tenured generation   total 28108K, used 18104K [0x0a150000, 0x0bcc3000, 0x14c00000)
   the space 28108K,  64% used [0x0a150000, 0x0b2fe1d0, 0x0b2fe200, 0x0bcc3000)
 Metaspace total 27957K, used 27438K, reserved 31104K
  data space     27957K, used 27438K, reserved 31104K
}
Event: 4.702 GC heap before
{Heap before GC invocations=98 (full 3):
 def new generation   total 12672K, used 12671K [0x04c00000, 0x059c0000, 0x0a150000)
  eden space 11264K, 100% used [0x04c00000, 0x05700000, 0x05700000)
  from space 1408K,  99% used [0x05700000, 0x0585fff8, 0x05860000)
  to   space 1408K,   0% used [0x05860000, 0x05860000, 0x059c0000)
 tenured generation   total 28108K, used 18104K [0x0a150000, 0x0bcc3000, 0x14c00000)
   the space 28108K,  64% used [0x0a150000, 0x0b2fe1d0, 0x0b2fe200, 0x0bcc3000)
 Metaspace total 28508K, used 27972K, reserved 32128K
  data space     28508K, used 27972K, reserved 32128K
Event: 4.706 GC heap after
Heap after GC invocations=99 (full 3):
 def new generation   total 12672K, used 1136K [0x04c00000, 0x059c0000, 0x0a150000)
  eden space 11264K,   0% used [0x04c00000, 0x04c00000, 0x05700000)
  from space 1408K,  80% used [0x05860000, 0x0597c0d8, 0x059c0000)
  to   space 1408K,   0% used [0x05700000, 0x05700000, 0x05860000)
 tenured generation   total 28108K, used 18362K [0x0a150000, 0x0bcc3000, 0x14c00000)
   the space 28108K,  65% used [0x0a150000, 0x0b33e920, 0x0b33ea00, 0x0bcc3000)
 Metaspace total 28508K, used 27972K, reserved 32128K
  data space     28508K, used 27972K, reserved 32128K
}
Event: 4.816 GC heap before
{Heap before GC invocations=99 (full 3):
 def new generation   total 12672K, used 12400K [0x04c00000, 0x059c0000, 0x0a150000)
  eden space 11264K, 100% used [0x04c00000, 0x05700000, 0x05700000)
  from space 1408K,  80% used [0x05860000, 0x0597c0d8, 0x059c0000)
  to   space 1408K,   0% used [0x05700000, 0x05700000, 0x05860000)
 tenured generation   total 28108K, used 18362K [0x0a150000, 0x0bcc3000, 0x14c00000)
   the space 28108K,  65% used [0x0a150000, 0x0b33e920, 0x0b33ea00, 0x0bcc3000)
 Metaspace total 29343K, used 28816K, reserved 33152K
  data space     29343K, used 28816K, reserved 33152K
Event: 4.821 GC heap after
Heap after GC invocations=100 (full 3):
 def new generation   total 12672K, used 1374K [0x04c00000, 0x059c0000, 0x0a150000)
  eden space 11264K,   0% used [0x04c00000, 0x04c00000, 0x05700000)
  from space 1408K,  97% used [0x05700000, 0x05857830, 0x05860000)
  to   space 1408K,   0% used [0x05860000, 0x05860000, 0x059c0000)
 tenured generation   total 28108K, used 18724K [0x0a150000, 0x0bcc3000, 0x14c00000)
   the space 28108K,  66% used [0x0a150000, 0x0b399318, 0x0b399400, 0x0bcc3000)
 Metaspace total 29343K, used 28816K, reserved 33152K
  data space     29343K, used 28816K, reserved 33152K
}
Event: 4.946 GC heap before
{Heap before GC invocations=100 (full 3):
 def new generation   total 12672K, used 12638K [0x04c00000, 0x059c0000, 0x0a150000)
  eden space 11264K, 100% used [0x04c00000, 0x05700000, 0x05700000)
  from space 1408K,  97% used [0x05700000, 0x05857830, 0x05860000)
  to   space 1408K,   0% used [0x05860000, 0x05860000, 0x059c0000)
 tenured generation   total 28108K, used 18724K [0x0a150000, 0x0bcc3000, 0x14c00000)
   the space 28108K,  66% used [0x0a150000, 0x0b399318, 0x0b399400, 0x0bcc3000)
 Metaspace total 29967K, used 29401K, reserved 33152K
  data space     29967K, used 29401K, reserved 33152K
Event: 4.950 GC heap after
Heap after GC invocations=101 (full 3):
 def new generation   total 12672K, used 922K [0x04c00000, 0x059c0000, 0x0a150000)
  eden space 11264K,   0% used [0x04c00000, 0x04c00000, 0x05700000)
  from space 1408K,  65% used [0x05860000, 0x05946be8, 0x059c0000)
  to   space 1408K,   0% used [0x05700000, 0x05700000, 0x05860000)
 tenured generation   total 28108K, used 19238K [0x0a150000, 0x0bcc3000, 0x14c00000)
   the space 28108K,  68% used [0x0a150000, 0x0b4198f0, 0x0b419a00, 0x0bcc3000)
 Metaspace total 29967K, used 29401K, reserved 33152K
  data space     29967K, used 29401K, reserved 33152K
}

