# JRE version: Java(TM) SE Runtime Environment (8.0-b109) (build 1.8.0-ea-b109)
# Java VM: Java HotSpot(TM) Client VM (25.0-b51 mixed mode windows-x86 )
Heap:
 def new generation   total 10496K, used 3815K [0x04600000, 0x05160000, 0x19b50000)
  eden space 9344K,  28% used [0x04600000, 0x04899e68, 0x04f20000)
  from space 1152K,  99% used [0x05040000, 0x0515fff8, 0x05160000)
  to   space 1152K,   0% used [0x04f20000, 0x04f20000, 0x05040000)
 tenured generation   total 23256K, used 21390K [0x19b50000, 0x1b206000, 0x44600000)
   the space 23256K,  91% used [0x19b50000, 0x1b033aa0, 0x1b033c00, 0x1b206000)
 Metaspace total 34211K, used 33638K, reserved 38272K
  data space     34211K, used 33638K, reserved 38272K
GC Heap History (10 events):
Event: 5.696 GC heap before
{Heap before GC invocations=97 (full 3):
 def new generation   total 10496K, used 10495K [0x04600000, 0x05160000, 0x19b50000)
  eden space 9344K, 100% used [0x04600000, 0x04f20000, 0x04f20000)
  from space 1152K,  99% used [0x04f20000, 0x0503fff8, 0x05040000)
  to   space 1152K,   0% used [0x05040000, 0x05040000, 0x05160000)
 tenured generation   total 23256K, used 19332K [0x19b50000, 0x1b206000, 0x44600000)
   the space 23256K,  83% used [0x19b50000, 0x1ae310d8, 0x1ae31200, 0x1b206000)
 Metaspace total 31573K, used 31045K, reserved 35200K
  data space     31573K, used 31045K, reserved 35200K
Event: 5.700 GC heap after
Heap after GC invocations=98 (full 3):
 def new generation   total 10496K, used 1151K [0x04600000, 0x05160000, 0x19b50000)
  eden space 9344K,   0% used [0x04600000, 0x04600000, 0x04f20000)
  from space 1152K,  99% used [0x05040000, 0x0515fff8, 0x05160000)
  to   space 1152K,   0% used [0x04f20000, 0x04f20000, 0x05040000)
 tenured generation   total 23256K, used 19692K [0x19b50000, 0x1b206000, 0x44600000)
   the space 23256K,  84% used [0x19b50000, 0x1ae8b060, 0x1ae8b200, 0x1b206000)
 Metaspace total 31573K, used 31045K, reserved 35200K
  data space     31573K, used 31045K, reserved 35200K
}
Event: 5.783 GC heap before
{Heap before GC invocations=98 (full 3):
 def new generation   total 10496K, used 10495K [0x04600000, 0x05160000, 0x19b50000)
  eden space 9344K, 100% used [0x04600000, 0x04f20000, 0x04f20000)
  from space 1152K,  99% used [0x05040000, 0x0515fff8, 0x05160000)
  to   space 1152K,   0% used [0x04f20000, 0x04f20000, 0x05040000)
 tenured generation   total 23256K, used 19692K [0x19b50000, 0x1b206000, 0x44600000)
   the space 23256K,  84% used [0x19b50000, 0x1ae8b060, 0x1ae8b200, 0x1b206000)
 Metaspace total 31708K, used 31178K, reserved 35200K
  data space     31708K, used 31178K, reserved 35200K
Event: 5.787 GC heap after
Heap after GC invocations=99 (full 3):
 def new generation   total 10496K, used 603K [0x04600000, 0x05160000, 0x19b50000)
  eden space 9344K,   0% used [0x04600000, 0x04600000, 0x04f20000)
  from space 1152K,  52% used [0x04f20000, 0x04fb6d00, 0x05040000)
  to   space 1152K,   0% used [0x05040000, 0x05040000, 0x05160000)
 tenured generation   total 23256K, used 19904K [0x19b50000, 0x1b206000, 0x44600000)
   the space 23256K,  85% used [0x19b50000, 0x1aec0230, 0x1aec0400, 0x1b206000)
 Metaspace total 31708K, used 31178K, reserved 35200K
  data space     31708K, used 31178K, reserved 35200K
}
Event: 5.920 GC heap before
{Heap before GC invocations=99 (full 3):
 def new generation   total 10496K, used 9947K [0x04600000, 0x05160000, 0x19b50000)
  eden space 9344K, 100% used [0x04600000, 0x04f20000, 0x04f20000)
  from space 1152K,  52% used [0x04f20000, 0x04fb6d00, 0x05040000)
  to   space 1152K,   0% used [0x05040000, 0x05040000, 0x05160000)
 tenured generation   total 23256K, used 19904K [0x19b50000, 0x1b206000, 0x44600000)
   the space 23256K,  85% used [0x19b50000, 0x1aec0230, 0x1aec0400, 0x1b206000)
 Metaspace total 32639K, used 32111K, reserved 36224K
  data space     32639K, used 32111K, reserved 36224K
Event: 5.927 GC heap after
Heap after GC invocations=100 (full 3):
 def new generation   total 10496K, used 1151K [0x04600000, 0x05160000, 0x19b50000)
  eden space 9344K,   0% used [0x04600000, 0x04600000, 0x04f20000)
  from space 1152K,  99% used [0x05040000, 0x0515ff80, 0x05160000)
  to   space 1152K,   0% used [0x04f20000, 0x04f20000, 0x05040000)
 tenured generation   total 23256K, used 20501K [0x19b50000, 0x1b206000, 0x44600000)
   the space 23256K,  88% used [0x19b50000, 0x1af55658, 0x1af55800, 0x1b206000)
 Metaspace total 32639K, used 32111K, reserved 36224K
  data space     32639K, used 32111K, reserved 36224K
}
Event: 6.054 GC heap before
{Heap before GC invocations=100 (full 3):
 def new generation   total 10496K, used 10495K [0x04600000, 0x05160000, 0x19b50000)
  eden space 9344K, 100% used [0x04600000, 0x04f20000, 0x04f20000)
  from space 1152K,  99% used [0x05040000, 0x0515ff80, 0x05160000)
  to   space 1152K,   0% used [0x04f20000, 0x04f20000, 0x05040000)
 tenured generation   total 23256K, used 20501K [0x19b50000, 0x1b206000, 0x44600000)
   the space 23256K,  88% used [0x19b50000, 0x1af55658, 0x1af55800, 0x1b206000)
 Metaspace total 33103K, used 32540K, reserved 37248K
  data space     33103K, used 32540K, reserved 37248K
Event: 6.059 GC heap after
Heap after GC invocations=101 (full 3):
 def new generation   total 10496K, used 719K [0x04600000, 0x05160000, 0x19b50000)
  eden space 9344K,   0% used [0x04600000, 0x04600000, 0x04f20000)
  from space 1152K,  62% used [0x04f20000, 0x04fd3f80, 0x05040000)
  to   space 1152K,   0% used [0x05040000, 0x05040000, 0x05160000)
 tenured generation   total 23256K, used 20888K [0x19b50000, 0x1b206000, 0x44600000)
   the space 23256K,  89% used [0x19b50000, 0x1afb6138, 0x1afb6200, 0x1b206000)
 Metaspace total 33103K, used 32540K, reserved 37248K
  data space     33103K, used 32540K, reserved 37248K
}
Event: 6.205 GC heap before
{Heap before GC invocations=101 (full 3):
 def new generation   total 10496K, used 10063K [0x04600000, 0x05160000, 0x19b50000)
  eden space 9344K, 100% used [0x04600000, 0x04f20000, 0x04f20000)
  from space 1152K,  62% used [0x04f20000, 0x04fd3f80, 0x05040000)
  to   space 1152K,   0% used [0x05040000, 0x05040000, 0x05160000)
 tenured generation   total 23256K, used 20888K [0x19b50000, 0x1b206000, 0x44600000)
   the space 23256K,  89% used [0x19b50000, 0x1afb6138, 0x1afb6200, 0x1b206000)
 Metaspace total 34176K, used 33603K, reserved 38272K
  data space     34176K, used 33603K, reserved 38272K
Event: 6.210 GC heap after
Heap after GC invocations=102 (full 3):
 def new generation   total 10496K, used 1151K [0x04600000, 0x05160000, 0x19b50000)
  eden space 9344K,   0% used [0x04600000, 0x04600000, 0x04f20000)
  from space 1152K,  99% used [0x05040000, 0x0515fff8, 0x05160000)
  to   space 1152K,   0% used [0x04f20000, 0x04f20000, 0x05040000)
 tenured generation   total 23256K, used 21390K [0x19b50000, 0x1b206000, 0x44600000)
   the space 23256K,  91% used [0x19b50000, 0x1b033aa0, 0x1b033c00, 0x1b206000)
 Metaspace total 34176K, used 33603K, reserved 38272K
  data space     34176K, used 33603K, reserved 38272K
}

