# JRE version: Java(TM) SE Runtime Environment (8.0-b109) (build 1.8.0-ea-b109)
# Java VM: Java HotSpot(TM) Client VM (25.0-b51 mixed mode, sharing windows-x86 )
Heap:
 def new generation   total 12224K, used 7372K [0x05000000, 0x05d40000, 0x0a550000)
  eden space 10880K,  57% used [0x05000000, 0x05611408, 0x05aa0000)
  from space 1344K,  86% used [0x05bf0000, 0x05d11ea0, 0x05d40000)
  to   space 1344K,   0% used [0x05aa0000, 0x05aa0000, 0x05bf0000)
 tenured generation   total 27080K, used 19497K [0x0a550000, 0x0bfc2000, 0x15000000)
   the space 27080K,  72% used [0x0a550000, 0x0b85a668, 0x0b85a800, 0x0bfc2000)
 Metaspace total 31071K, used 30477K, reserved 35200K
  data space     31071K, used 30477K, reserved 35200K
GC Heap History (10 events):
Event: 4.299 GC heap before
{Heap before GC invocations=95 (full 3):
 def new generation   total 12224K, used 12161K [0x05000000, 0x05d40000, 0x0a550000)
  eden space 10880K, 100% used [0x05000000, 0x05aa0000, 0x05aa0000)
  from space 1344K,  95% used [0x05aa0000, 0x05be0798, 0x05bf0000)
  to   space 1344K,   0% used [0x05bf0000, 0x05bf0000, 0x05d40000)
 tenured generation   total 27080K, used 17666K [0x0a550000, 0x0bfc2000, 0x15000000)
   the space 27080K,  65% used [0x0a550000, 0x0b690900, 0x0b690a00, 0x0bfc2000)
 Metaspace total 27566K, used 27059K, reserved 31104K
  data space     27566K, used 27059K, reserved 31104K
Event: 4.302 GC heap after
Heap after GC invocations=96 (full 3):
 def new generation   total 12224K, used 1344K [0x05000000, 0x05d40000, 0x0a550000)
  eden space 10880K,   0% used [0x05000000, 0x05000000, 0x05aa0000)
  from space 1344K, 100% used [0x05bf0000, 0x05d40000, 0x05d40000)
  to   space 1344K,   0% used [0x05aa0000, 0x05aa0000, 0x05bf0000)
 tenured generation   total 27080K, used 17904K [0x0a550000, 0x0bfc2000, 0x15000000)
   the space 27080K,  66% used [0x0a550000, 0x0b6cc0e0, 0x0b6cc200, 0x0bfc2000)
 Metaspace total 27566K, used 27059K, reserved 31104K
  data space     27566K, used 27059K, reserved 31104K
}
Event: 4.491 GC heap before
{Heap before GC invocations=96 (full 3):
 def new generation   total 12224K, used 12224K [0x05000000, 0x05d40000, 0x0a550000)
  eden space 10880K, 100% used [0x05000000, 0x05aa0000, 0x05aa0000)
  from space 1344K, 100% used [0x05bf0000, 0x05d40000, 0x05d40000)
  to   space 1344K,   0% used [0x05aa0000, 0x05aa0000, 0x05bf0000)
 tenured generation   total 27080K, used 17904K [0x0a550000, 0x0bfc2000, 0x15000000)
   the space 27080K,  66% used [0x0a550000, 0x0b6cc0e0, 0x0b6cc200, 0x0bfc2000)
 Metaspace total 28433K, used 27923K, reserved 32128K
  data space     28433K, used 27923K, reserved 32128K
Event: 4.496 GC heap after
Heap after GC invocations=97 (full 3):
 def new generation   total 12224K, used 1343K [0x05000000, 0x05d40000, 0x0a550000)
  eden space 10880K,   0% used [0x05000000, 0x05000000, 0x05aa0000)
  from space 1344K,  99% used [0x05aa0000, 0x05befff8, 0x05bf0000)
  to   space 1344K,   0% used [0x05bf0000, 0x05bf0000, 0x05d40000)
 tenured generation   total 27080K, used 18244K [0x0a550000, 0x0bfc2000, 0x15000000)
   the space 27080K,  67% used [0x0a550000, 0x0b721050, 0x0b721200, 0x0bfc2000)
 Metaspace total 28433K, used 27923K, reserved 32128K
  data space     28433K, used 27923K, reserved 32128K
}
Event: 4.661 GC heap before
{Heap before GC invocations=97 (full 3):
 def new generation   total 12224K, used 12223K [0x05000000, 0x05d40000, 0x0a550000)
  eden space 10880K, 100% used [0x05000000, 0x05aa0000, 0x05aa0000)
  from space 1344K,  99% used [0x05aa0000, 0x05befff8, 0x05bf0000)
  to   space 1344K,   0% used [0x05bf0000, 0x05bf0000, 0x05d40000)
 tenured generation   total 27080K, used 18244K [0x0a550000, 0x0bfc2000, 0x15000000)
   the space 27080K,  67% used [0x0a550000, 0x0b721050, 0x0b721200, 0x0bfc2000)
 Metaspace total 28696K, used 28185K, reserved 32128K
  data space     28696K, used 28185K, reserved 32128K
Event: 4.666 GC heap after
Heap after GC invocations=98 (full 3):
 def new generation   total 12224K, used 827K [0x05000000, 0x05d40000, 0x0a550000)
  eden space 10880K,   0% used [0x05000000, 0x05000000, 0x05aa0000)
  from space 1344K,  61% used [0x05bf0000, 0x05cbeed0, 0x05d40000)
  to   space 1344K,   0% used [0x05aa0000, 0x05aa0000, 0x05bf0000)
 tenured generation   total 27080K, used 18483K [0x0a550000, 0x0bfc2000, 0x15000000)
   the space 27080K,  68% used [0x0a550000, 0x0b75cf18, 0x0b75d000, 0x0bfc2000)
 Metaspace total 28696K, used 28185K, reserved 32128K
  data space     28696K, used 28185K, reserved 32128K
}
Event: 4.791 GC heap before
{Heap before GC invocations=98 (full 3):
 def new generation   total 12224K, used 11707K [0x05000000, 0x05d40000, 0x0a550000)
  eden space 10880K, 100% used [0x05000000, 0x05aa0000, 0x05aa0000)
  from space 1344K,  61% used [0x05bf0000, 0x05cbeed0, 0x05d40000)
  to   space 1344K,   0% used [0x05aa0000, 0x05aa0000, 0x05bf0000)
 tenured generation   total 27080K, used 18483K [0x0a550000, 0x0bfc2000, 0x15000000)
   the space 27080K,  68% used [0x0a550000, 0x0b75cf18, 0x0b75d000, 0x0bfc2000)
 Metaspace total 29731K, used 29164K, reserved 33152K
  data space     29731K, used 29164K, reserved 33152K
Event: 4.796 GC heap after
Heap after GC invocations=99 (full 3):
 def new generation   total 12224K, used 1340K [0x05000000, 0x05d40000, 0x0a550000)
  eden space 10880K,   0% used [0x05000000, 0x05000000, 0x05aa0000)
  from space 1344K,  99% used [0x05aa0000, 0x05bef050, 0x05bf0000)
  to   space 1344K,   0% used [0x05bf0000, 0x05bf0000, 0x05d40000)
 tenured generation   total 27080K, used 19028K [0x0a550000, 0x0bfc2000, 0x15000000)
   the space 27080K,  70% used [0x0a550000, 0x0b7e5230, 0x0b7e5400, 0x0bfc2000)
 Metaspace total 29731K, used 29164K, reserved 33152K
  data space     29731K, used 29164K, reserved 33152K
}
Event: 4.925 GC heap before
{Heap before GC invocations=99 (full 3):
 def new generation   total 12224K, used 12220K [0x05000000, 0x05d40000, 0x0a550000)
  eden space 10880K, 100% used [0x05000000, 0x05aa0000, 0x05aa0000)
  from space 1344K,  99% used [0x05aa0000, 0x05bef050, 0x05bf0000)
  to   space 1344K,   0% used [0x05bf0000, 0x05bf0000, 0x05d40000)
 tenured generation   total 27080K, used 19028K [0x0a550000, 0x0bfc2000, 0x15000000)
   the space 27080K,  70% used [0x0a550000, 0x0b7e5230, 0x0b7e5400, 0x0bfc2000)
 Metaspace total 30642K, used 30042K, reserved 34176K
  data space     30642K, used 30042K, reserved 34176K
Event: 4.930 GC heap after
Heap after GC invocations=100 (full 3):
 def new generation   total 12224K, used 1159K [0x05000000, 0x05d40000, 0x0a550000)
  eden space 10880K,   0% used [0x05000000, 0x05000000, 0x05aa0000)
  from space 1344K,  86% used [0x05bf0000, 0x05d11ea0, 0x05d40000)
  to   space 1344K,   0% used [0x05aa0000, 0x05aa0000, 0x05bf0000)
 tenured generation   total 27080K, used 19497K [0x0a550000, 0x0bfc2000, 0x15000000)
   the space 27080K,  72% used [0x0a550000, 0x0b85a668, 0x0b85a800, 0x0bfc2000)
 Metaspace total 30642K, used 30042K, reserved 34176K
  data space     30642K, used 30042K, reserved 34176K
}

